<?xml version="1.0" encoding="utf-8" standalone="yes"?>
<coverage line-rate="0.17546536466280135" branch-rate="0.08117099135063206" complexity="1580" version="1.9" timestamp="1787732565" lines-covered="575" lines-valid="3277" branches-covered="122" branches-valid="1503">
  <packages>
    <package line-rate="0.06134415877311682" branch-rate="0.014795474325500435" complexity="1206" name="TopModel.ModelGenerator">
      <classes>
        <class line-rate="1" branch-rate="1" complexity="1" name="TopModel.ModelGenerator.DomainMapping" filename="C:\Projets\klee-contrib\topmodel\TopModel.ModelGenerator\config\DomainMapping.cs">
          <methods>
            <method line-rate="1" branch-rate="1" complexity="1" name=".ctor" signature="()">
              <lines>
                <line number="13" hits="1" branch="False" />
              </lines>
            </method>
          </methods>
          <lines>
            <line number="13" hits="1" branch="False" />
          </lines>
        </class>
        <class line-rate="1" branch-rate="0.75" complexity="4" name="TopModel.ModelGenerator.ModelGeneratorConfig" filename="C:\Projets\klee-contrib\topmodel\TopModel.ModelGenerator\config\ModelGeneratorConfig.cs">
          <methods>
            <method line-rate="1" branch-rate="0.75" complexity="4" name="Init" signature="(string)">
              <lines>
                <line number="14" hits="1" branch="False" />
                <line number="15" hits="1" branch="False" />
                <line number="16" hits="1" branch="True" condition-coverage="50% (1/2)">
                  <conditions>
                    <condition number="0" type="jump" coverage="50%" />
                  </conditions>
                </line>
                <line number="17" hits="1" branch="True" condition-coverage="100% (2/2)">
                  <conditions>
                    <condition number="0" type="jump" coverage="100%" />
                  </conditions>
                </line>
                <line number="18" hits="1" branch="False" />
                <line number="19" hits="1" branch="False" />
                <line number="20" hits="1" branch="False" />
              </lines>
            </method>
            <method line-rate="1" branch-rate="1" complexity="1" name=".ctor" signature="()">
              <lines>
                <line number="9" hits="1" branch="False" />
                <line number="11" hits="1" branch="False" />
              </lines>
            </method>
          </methods>
          <lines>
            <line number="9" hits="1" branch="False" />
            <line number="11" hits="1" branch="False" />
            <line number="14" hits="1" branch="False" />
            <line number="15" hits="1" branch="False" />
            <line number="16" hits="1" branch="True" condition-coverage="50% (1/2)">
              <conditions>
                <condition number="0" type="jump" coverage="50%" />
              </conditions>
            </line>
            <line number="17" hits="1" branch="True" condition-coverage="100% (2/2)">
              <conditions>
                <condition number="0" type="jump" coverage="100%" />
              </conditions>
            </line>
            <line number="18" hits="1" branch="False" />
            <line number="19" hits="1" branch="False" />
            <line number="20" hits="1" branch="False" />
          </lines>
        </class>
        <class line-rate="0" branch-rate="0" complexity="4" name="TopModel.ModelGenerator.TmdAssociationProperty" filename="C:\Projets\klee-contrib\topmodel\TopModel.ModelGenerator\TmdAssociationProperty.cs">
          <methods>
            <method line-rate="0" branch-rate="0" complexity="4" name="get_Role" signature="()">
              <lines>
                <line number="15" hits="0" branch="True" condition-coverage="0% (0/4)">
                  <conditions>
                    <condition number="0" type="jump" coverage="0%" />
                    <condition number="1" type="jump" coverage="0%" />
                  </conditions>
                </line>
                <line number="16" hits="0" branch="False" />
                <line number="17" hits="0" branch="False" />
                <line number="19" hits="0" branch="False" />
                <line number="20" hits="0" branch="False" />
              </lines>
            </method>
          </methods>
          <lines>
            <line number="15" hits="0" branch="True" condition-coverage="0% (0/4)">
              <conditions>
                <condition number="0" type="jump" coverage="0%" />
                <condition number="1" type="jump" coverage="0%" />
              </conditions>
            </line>
            <line number="16" hits="0" branch="False" />
            <line number="17" hits="0" branch="False" />
            <line number="19" hits="0" branch="False" />
            <line number="20" hits="0" branch="False" />
          </lines>
        </class>
        <class line-rate="0" branch-rate="0" complexity="4" name="TopModel.ModelGenerator.TmdClass" filename="C:\Projets\klee-contrib\topmodel\TopModel.ModelGenerator\TmdClass.cs">
          <methods>
            <method line-rate="0" branch-rate="0" complexity="4" name="get_Dependencies" signature="()">
              <lines>
                <line number="16" hits="0" branch="True" condition-coverage="0% (0/4)">
                  <conditions>
                    <condition number="0" type="jump" coverage="0%" />
                    <condition number="1" type="jump" coverage="0%" />
                  </conditions>
                </line>
                <line number="17" hits="0" branch="False" />
                <line number="21" hits="0" branch="False" />
                <line number="22" hits="0" branch="False" />
              </lines>
            </method>
            <method line-rate="0" branch-rate="1" complexity="1" name=".ctor" signature="()">
              <lines>
                <line number="11" hits="0" branch="False" />
                <line number="13" hits="0" branch="False" />
                <line number="24" hits="0" branch="False" />
                <line number="26" hits="0" branch="False" />
                <line number="36" hits="0" branch="False" />
              </lines>
            </method>
            <method line-rate="0" branch-rate="1" complexity="1" name="&lt;get_Dependencies&gt;b__17_2" signature="(TopModel.ModelGenerator.TmdClass)">
              <lines>
                <line number="20" hits="0" branch="False" />
              </lines>
            </method>
          </methods>
          <lines>
            <line number="11" hits="0" branch="False" />
            <line number="13" hits="0" branch="False" />
            <line number="16" hits="0" branch="True" condition-coverage="0% (0/4)">
              <conditions>
                <condition number="0" type="jump" coverage="0%" />
                <condition number="1" type="jump" coverage="0%" />
              </conditions>
            </line>
            <line number="17" hits="0" branch="False" />
            <line number="20" hits="0" branch="False" />
            <line number="21" hits="0" branch="False" />
            <line number="22" hits="0" branch="False" />
            <line number="24" hits="0" branch="False" />
            <line number="26" hits="0" branch="False" />
            <line number="36" hits="0" branch="False" />
          </lines>
        </class>
        <class line-rate="0" branch-rate="0" complexity="14" name="TopModel.ModelGenerator.TmdEndpoint" filename="C:\Projets\klee-contrib\topmodel\TopModel.ModelGenerator\TmdEndpoint.cs">
          <methods>
            <method line-rate="0" branch-rate="0" complexity="2" name="get_Properties" signature="()">
              <lines>
                <line number="15" hits="0" branch="True" condition-coverage="0% (0/2)">
                  <conditions>
                    <condition number="0" type="jump" coverage="0%" />
                  </conditions>
                </line>
              </lines>
            </method>
            <method line-rate="0" branch-rate="0" complexity="12" name="get_Dependencies" signature="()">
              <lines>
                <line number="18" hits="0" branch="True" condition-coverage="0% (0/12)">
                  <conditions>
                    <condition number="0" type="jump" coverage="0%" />
                    <condition number="1" type="jump" coverage="0%" />
                    <condition number="2" type="jump" coverage="0%" />
                    <condition number="3" type="jump" coverage="0%" />
                    <condition number="4" type="jump" coverage="0%" />
                    <condition number="5" type="jump" coverage="0%" />
                  </conditions>
                </line>
                <line number="22" hits="0" branch="False" />
              </lines>
            </method>
            <method line-rate="0" branch-rate="1" complexity="1" name=".ctor" signature="()">
              <lines>
                <line number="11" hits="0" branch="False" />
                <line number="13" hits="0" branch="False" />
              </lines>
            </method>
          </methods>
          <lines>
            <line number="11" hits="0" branch="False" />
            <line number="13" hits="0" branch="False" />
            <line number="15" hits="0" branch="True" condition-coverage="0% (0/2)">
              <conditions>
                <condition number="0" type="jump" coverage="0%" />
              </conditions>
            </line>
            <line number="18" hits="0" branch="True" condition-coverage="0% (0/12)">
              <conditions>
                <condition number="0" type="jump" coverage="0%" />
                <condition number="1" type="jump" coverage="0%" />
                <condition number="2" type="jump" coverage="0%" />
                <condition number="3" type="jump" coverage="0%" />
                <condition number="4" type="jump" coverage="0%" />
                <condition number="5" type="jump" coverage="0%" />
              </conditions>
            </line>
            <line number="22" hits="0" branch="False" />
          </lines>
        </class>
        <class line-rate="0" branch-rate="0" complexity="12" name="TopModel.ModelGenerator.TmdFile" filename="C:\Projets\klee-contrib\topmodel\TopModel.ModelGenerator\TmdFile.cs">
          <methods>
            <method line-rate="0" branch-rate="0" complexity="10" name="get_Uses" signature="()">
              <lines>
                <line number="18" hits="0" branch="True" condition-coverage="0% (0/10)">
                  <conditions>
                    <condition number="0" type="jump" coverage="0%" />
                    <condition number="1" type="jump" coverage="0%" />
                    <condition number="2" type="jump" coverage="0%" />
                    <condition number="3" type="jump" coverage="0%" />
                    <condition number="4" type="jump" coverage="0%" />
                  </conditions>
                </line>
                <line number="24" hits="0" branch="False" />
                <line number="26" hits="0" branch="False" />
              </lines>
            </method>
            <method line-rate="0" branch-rate="0" complexity="2" name="get_ExtendedUses" signature="()">
              <lines>
                <line number="28" hits="0" branch="True" condition-coverage="0% (0/2)">
                  <conditions>
                    <condition number="0" type="jump" coverage="0%" />
                  </conditions>
                </line>
              </lines>
            </method>
            <method line-rate="0" branch-rate="1" complexity="1" name=".ctor" signature="()">
              <lines>
                <line number="7" hits="0" branch="False" />
                <line number="9" hits="0" branch="False" />
                <line number="11" hits="0" branch="False" />
              </lines>
            </method>
            <method line-rate="0" branch-rate="1" complexity="1" name="&lt;get_Uses&gt;b__25_1" signature="(TopModel.ModelGenerator.TmdClass)">
              <lines>
                <line number="20" hits="0" branch="False" />
              </lines>
            </method>
          </methods>
          <lines>
            <line number="7" hits="0" branch="False" />
            <line number="9" hits="0" branch="False" />
            <line number="11" hits="0" branch="False" />
            <line number="18" hits="0" branch="True" condition-coverage="0% (0/10)">
              <conditions>
                <condition number="0" type="jump" coverage="0%" />
                <condition number="1" type="jump" coverage="0%" />
                <condition number="2" type="jump" coverage="0%" />
                <condition number="3" type="jump" coverage="0%" />
                <condition number="4" type="jump" coverage="0%" />
              </conditions>
            </line>
            <line number="20" hits="0" branch="False" />
            <line number="24" hits="0" branch="False" />
            <line number="26" hits="0" branch="False" />
            <line number="28" hits="0" branch="True" condition-coverage="0% (0/2)">
              <conditions>
                <condition number="0" type="jump" coverage="0%" />
              </conditions>
            </line>
          </lines>
        </class>
        <class line-rate="1" branch-rate="1" complexity="1" name="TopModel.ModelGenerator.TmdGenerator" filename="C:\Projets\klee-contrib\topmodel\TopModel.ModelGenerator\TmdGenerator.cs">
          <methods>
            <method line-rate="1" branch-rate="1" complexity="1" name=".ctor" signature="(Microsoft.Extensions.Logging.ILogger&lt;TopModel.ModelGenerator.TmdGenerator&gt;)">
              <lines>
                <line number="6" hits="1" branch="False" />
              </lines>
            </method>
            <method line-rate="1" branch-rate="1" complexity="1" name="get_FullName" signature="()">
              <lines>
                <line number="16" hits="1" branch="False" />
              </lines>
            </method>
          </methods>
          <lines>
            <line number="6" hits="1" branch="False" />
            <line number="16" hits="1" branch="False" />
          </lines>
        </class>
        <class line-rate="1" branch-rate="1" complexity="1" name="TopModel.ModelGenerator.TmdGenFileChecker" filename="C:\Projets\klee-contrib\topmodel\TopModel.ModelGenerator\TmdGenFileChecker.cs">
          <methods>
            <method line-rate="1" branch-rate="1" complexity="1" name=".ctor" signature="()">
              <lines>
                <line number="5" hits="1" branch="False" />
              </lines>
            </method>
            <method line-rate="1" branch-rate="1" complexity="1" name="DeserializeConfig" signature="(string)">
              <lines>
                <line number="8" hits="1" branch="False" />
                <line number="9" hits="1" branch="False" />
                <line number="10" hits="1" branch="False" />
              </lines>
            </method>
          </methods>
          <lines>
            <line number="5" hits="1" branch="False" />
            <line number="8" hits="1" branch="False" />
            <line number="9" hits="1" branch="False" />
            <line number="10" hits="1" branch="False" />
          </lines>
        </class>
        <class line-rate="0" branch-rate="0" complexity="14" name="TopModel.ModelGenerator.TmdGenUtils" filename="C:\Projets\klee-contrib\topmodel\TopModel.ModelGenerator\TmdGenUtils.cs">
          <methods>
            <method line-rate="0" branch-rate="0" complexity="14" name="GetDomainString" signature="(System.Collections.Generic.IList&lt;TopModel.ModelGenerator.DomainMapping&gt;, string, string, string, string)">
              <lines>
                <line number="14" hits="0" branch="False" />
                <line number="15" hits="0" branch="True" condition-coverage="0% (0/4)">
                  <conditions>
                    <condition number="0" type="jump" coverage="0%" />
                    <condition number="1" type="jump" coverage="0%" />
                  </conditions>
                </line>
                <line number="16" hits="0" branch="False" />
                <line number="17" hits="0" branch="False" />
                <line number="18" hits="0" branch="False" />
                <line number="20" hits="0" branch="True" condition-coverage="0% (0/10)">
                  <conditions>
                    <condition number="0" type="jump" coverage="0%" />
                    <condition number="1" type="jump" coverage="0%" />
                    <condition number="2" type="jump" coverage="0%" />
                    <condition number="3" type="jump" coverage="0%" />
                    <condition number="4" type="jump" coverage="0%" />
                  </conditions>
                </line>
                <line number="21" hits="0" branch="False" />
                <line number="33" hits="0" branch="False" />
                <line number="55" hits="0" branch="False" />
                <line number="60" hits="0" branch="False" />
                <line number="65" hits="0" branch="False" />
                <line number="70" hits="0" branch="False" />
                <line number="71" hits="0" branch="False" />
                <line number="72" hits="0" branch="False" />
                <line number="73" hits="0" branch="False" />
                <line number="74" hits="0" branch="False" />
                <line number="75" hits="0" branch="False" />
              </lines>
            </method>
          </methods>
          <lines>
            <line number="14" hits="0" branch="False" />
            <line number="15" hits="0" branch="True" condition-coverage="0% (0/4)">
              <conditions>
                <condition number="0" type="jump" coverage="0%" />
                <condition number="1" type="jump" coverage="0%" />
              </conditions>
            </line>
            <line number="16" hits="0" branch="False" />
            <line number="17" hits="0" branch="False" />
            <line number="18" hits="0" branch="False" />
            <line number="20" hits="0" branch="True" condition-coverage="0% (0/10)">
              <conditions>
                <condition number="0" type="jump" coverage="0%" />
                <condition number="1" type="jump" coverage="0%" />
                <condition number="2" type="jump" coverage="0%" />
                <condition number="3" type="jump" coverage="0%" />
                <condition number="4" type="jump" coverage="0%" />
              </conditions>
            </line>
            <line number="21" hits="0" branch="False" />
            <line number="33" hits="0" branch="False" />
            <line number="55" hits="0" branch="False" />
            <line number="60" hits="0" branch="False" />
            <line number="65" hits="0" branch="False" />
            <line number="70" hits="0" branch="False" />
            <line number="71" hits="0" branch="False" />
            <line number="72" hits="0" branch="False" />
            <line number="73" hits="0" branch="False" />
            <line number="74" hits="0" branch="False" />
            <line number="75" hits="0" branch="False" />
          </lines>
        </class>
        <class line-rate="0.3132530120481928" branch-rate="0.4166666666666667" complexity="12" name="TopModel.ModelGenerator.TmdGenWorker" filename="C:\Projets\klee-contrib\topmodel\TopModel.ModelGenerator\TmdGenWorker.cs">
          <methods>
            <method line-rate="0.3076923076923077" branch-rate="0.4166666666666667" complexity="12" name="Init" signature="()">
              <lines>
                <line number="24" hits="1" branch="False" />
                <line number="25" hits="1" branch="False" />
                <line number="27" hits="1" branch="False" />
                <line number="29" hits="1" branch="True" condition-coverage="50% (1/2)">
                  <conditions>
                    <condition number="0" type="jump" coverage="50%" />
                  </conditions>
                </line>
                <line number="30" hits="0" branch="False" />
                <line number="31" hits="0" branch="False" />
                <line number="32" hits="0" branch="False" />
                <line number="33" hits="0" branch="False" />
                <line number="34" hits="0" branch="False" />
                <line number="35" hits="0" branch="False" />
                <line number="36" hits="0" branch="False" />
                <line number="37" hits="0" branch="False" />
                <line number="38" hits="0" branch="False" />
                <line number="39" hits="0" branch="False" />
                <line number="40" hits="0" branch="False" />
                <line number="41" hits="0" branch="False" />
                <line number="42" hits="0" branch="False" />
                <line number="44" hits="1" branch="True" condition-coverage="100% (2/2)">
                  <conditions>
                    <condition number="0" type="jump" coverage="100%" />
                  </conditions>
                </line>
                <line number="45" hits="1" branch="False" />
                <line number="46" hits="1" branch="False" />
                <line number="47" hits="1" branch="True" condition-coverage="50% (1/2)">
                  <conditions>
                    <condition number="0" type="jump" coverage="50%" />
                  </conditions>
                </line>
                <line number="48" hits="0" branch="False" />
                <line number="49" hits="0" branch="False" />
                <line number="50" hits="0" branch="False" />
                <line number="51" hits="0" branch="False" />
                <line number="52" hits="0" branch="False" />
                <line number="53" hits="0" branch="False" />
                <line number="54" hits="0" branch="False" />
                <line number="55" hits="0" branch="False" />
                <line number="56" hits="0" branch="False" />
                <line number="57" hits="0" branch="False" />
                <line number="58" hits="0" branch="False" />
                <line number="59" hits="0" branch="False" />
                <line number="60" hits="0" branch="False" />
                <line number="61" hits="1" branch="True" condition-coverage="50% (1/2)">
                  <conditions>
                    <condition number="0" type="jump" coverage="50%" />
                  </conditions>
                </line>
                <line number="62" hits="1" branch="False" />
                <line number="63" hits="1" branch="False" />
                <line number="64" hits="1" branch="False" />
                <line number="65" hits="1" branch="False" />
                <line number="66" hits="1" branch="False" />
                <line number="67" hits="1" branch="False" />
                <line number="68" hits="1" branch="False" />
                <line number="69" hits="1" branch="False" />
                <line number="70" hits="1" branch="False" />
                <line number="71" hits="1" branch="False" />
                <line number="72" hits="1" branch="False" />
                <line number="73" hits="1" branch="False" />
                <line number="74" hits="1" branch="False" />
                <line number="75" hits="0" branch="True" condition-coverage="0% (0/2)">
                  <conditions>
                    <condition number="0" type="jump" coverage="0%" />
                  </conditions>
                </line>
                <line number="76" hits="0" branch="False" />
                <line number="77" hits="0" branch="False" />
                <line number="78" hits="0" branch="False" />
                <line number="79" hits="0" branch="False" />
                <line number="80" hits="0" branch="False" />
                <line number="81" hits="0" branch="False" />
                <line number="82" hits="0" branch="False" />
                <line number="83" hits="0" branch="False" />
                <line number="84" hits="0" branch="False" />
                <line number="85" hits="0" branch="False" />
                <line number="86" hits="0" branch="False" />
                <line number="87" hits="0" branch="False" />
                <line number="88" hits="0" branch="False" />
                <line number="89" hits="0" branch="True" condition-coverage="0% (0/2)">
                  <conditions>
                    <condition number="0" type="jump" coverage="0%" />
                  </conditions>
                </line>
                <line number="90" hits="0" branch="False" />
                <line number="91" hits="0" branch="False" />
                <line number="92" hits="0" branch="False" />
                <line number="93" hits="0" branch="False" />
                <line number="94" hits="0" branch="False" />
                <line number="95" hits="0" branch="False" />
                <line number="96" hits="0" branch="False" />
                <line number="97" hits="0" branch="False" />
                <line number="98" hits="0" branch="False" />
                <line number="99" hits="0" branch="False" />
                <line number="100" hits="0" branch="False" />
                <line number="101" hits="0" branch="False" />
                <line number="102" hits="0" branch="False" />
                <line number="103" hits="1" branch="False" />
                <line number="104" hits="1" branch="False" />
              </lines>
            </method>
            <method line-rate="0" branch-rate="1" complexity="1" name="WaitForFinished" signature="(System.Threading.CancellationToken)">
              <lines>
                <line number="140" hits="0" branch="False" />
                <line number="141" hits="0" branch="False" />
                <line number="142" hits="0" branch="False" />
              </lines>
            </method>
            <method line-rate="1" branch-rate="1" complexity="1" name=".ctor" signature="()">
              <lines>
                <line number="13" hits="1" branch="False" />
              </lines>
            </method>
            <method line-rate="1" branch-rate="1" complexity="1" name="&lt;Init&gt;b__6_0" signature="(Microsoft.Extensions.Logging.ILoggingBuilder)">
              <lines>
                <line number="26" hits="1" branch="False" />
              </lines>
            </method>
          </methods>
          <lines>
            <line number="13" hits="1" branch="False" />
            <line number="24" hits="1" branch="False" />
            <line number="25" hits="1" branch="False" />
            <line number="26" hits="1" branch="False" />
            <line number="27" hits="1" branch="False" />
            <line number="29" hits="1" branch="True" condition-coverage="50% (1/2)">
              <conditions>
                <condition number="0" type="jump" coverage="50%" />
              </conditions>
            </line>
            <line number="30" hits="0" branch="False" />
            <line number="31" hits="0" branch="False" />
            <line number="32" hits="0" branch="False" />
            <line number="33" hits="0" branch="False" />
            <line number="34" hits="0" branch="False" />
            <line number="35" hits="0" branch="False" />
            <line number="36" hits="0" branch="False" />
            <line number="37" hits="0" branch="False" />
            <line number="38" hits="0" branch="False" />
            <line number="39" hits="0" branch="False" />
            <line number="40" hits="0" branch="False" />
            <line number="41" hits="0" branch="False" />
            <line number="42" hits="0" branch="False" />
            <line number="44" hits="1" branch="True" condition-coverage="100% (2/2)">
              <conditions>
                <condition number="0" type="jump" coverage="100%" />
              </conditions>
            </line>
            <line number="45" hits="1" branch="False" />
            <line number="46" hits="1" branch="False" />
            <line number="47" hits="1" branch="True" condition-coverage="50% (1/2)">
              <conditions>
                <condition number="0" type="jump" coverage="50%" />
              </conditions>
            </line>
            <line number="48" hits="0" branch="False" />
            <line number="49" hits="0" branch="False" />
            <line number="50" hits="0" branch="False" />
            <line number="51" hits="0" branch="False" />
            <line number="52" hits="0" branch="False" />
            <line number="53" hits="0" branch="False" />
            <line number="54" hits="0" branch="False" />
            <line number="55" hits="0" branch="False" />
            <line number="56" hits="0" branch="False" />
            <line number="57" hits="0" branch="False" />
            <line number="58" hits="0" branch="False" />
            <line number="59" hits="0" branch="False" />
            <line number="60" hits="0" branch="False" />
            <line number="61" hits="1" branch="True" condition-coverage="50% (1/2)">
              <conditions>
                <condition number="0" type="jump" coverage="50%" />
              </conditions>
            </line>
            <line number="62" hits="1" branch="False" />
            <line number="63" hits="1" branch="False" />
            <line number="64" hits="1" branch="False" />
            <line number="65" hits="1" branch="False" />
            <line number="66" hits="1" branch="False" />
            <line number="67" hits="1" branch="False" />
            <line number="68" hits="1" branch="False" />
            <line number="69" hits="1" branch="False" />
            <line number="70" hits="1" branch="False" />
            <line number="71" hits="1" branch="False" />
            <line number="72" hits="1" branch="False" />
            <line number="73" hits="1" branch="False" />
            <line number="74" hits="1" branch="False" />
            <line number="75" hits="0" branch="True" condition-coverage="0% (0/2)">
              <conditions>
                <condition number="0" type="jump" coverage="0%" />
              </conditions>
            </line>
            <line number="76" hits="0" branch="False" />
            <line number="77" hits="0" branch="False" />
            <line number="78" hits="0" branch="False" />
            <line number="79" hits="0" branch="False" />
            <line number="80" hits="0" branch="False" />
            <line number="81" hits="0" branch="False" />
            <line number="82" hits="0" branch="False" />
            <line number="83" hits="0" branch="False" />
            <line number="84" hits="0" branch="False" />
            <line number="85" hits="0" branch="False" />
            <line number="86" hits="0" branch="False" />
            <line number="87" hits="0" branch="False" />
            <line number="88" hits="0" branch="False" />
            <line number="89" hits="0" branch="True" condition-coverage="0% (0/2)">
              <conditions>
                <condition number="0" type="jump" coverage="0%" />
              </conditions>
            </line>
            <line number="90" hits="0" branch="False" />
            <line number="91" hits="0" branch="False" />
            <line number="92" hits="0" branch="False" />
            <line number="93" hits="0" branch="False" />
            <line number="94" hits="0" branch="False" />
            <line number="95" hits="0" branch="False" />
            <line number="96" hits="0" branch="False" />
            <line number="97" hits="0" branch="False" />
            <line number="98" hits="0" branch="False" />
            <line number="99" hits="0" branch="False" />
            <line number="100" hits="0" branch="False" />
            <line number="101" hits="0" branch="False" />
            <line number="102" hits="0" branch="False" />
            <line number="103" hits="1" branch="False" />
            <line number="104" hits="1" branch="False" />
            <line number="140" hits="0" branch="False" />
            <line number="141" hits="0" branch="False" />
            <line number="142" hits="0" branch="False" />
          </lines>
        </class>
        <class line-rate="0" branch-rate="1" complexity="1" name="TopModel.ModelGenerator.TmdProperty" filename="C:\Projets\klee-contrib\topmodel\TopModel.ModelGenerator\TmdProperty.cs">
          <methods>
            <method line-rate="0" branch-rate="1" complexity="1" name=".ctor" signature="()">
              <lines>
                <line number="17" hits="0" branch="False" />
                <line number="23" hits="0" branch="False" />
              </lines>
            </method>
          </methods>
          <lines>
            <line number="17" hits="0" branch="False" />
            <line number="23" hits="0" branch="False" />
          </lines>
        </class>
        <class line-rate="0" branch-rate="0" complexity="106" name="TopModel.ModelGenerator.TmdWriter" filename="C:\Projets\klee-contrib\topmodel\TopModel.ModelGenerator\TmdWriter.cs">
          <methods>
            <method line-rate="0" branch-rate="0" complexity="2" name=".ctor" signature="(TopModel.Utils.IFileWriter, TopModel.ModelGenerator.TmdFile, string)">
              <lines>
                <line number="14" hits="0" branch="False" />
                <line number="15" hits="0" branch="False" />
                <line number="16" hits="0" branch="False" />
                <line number="17" hits="0" branch="False" />
                <line number="18" hits="0" branch="False" />
                <line number="19" hits="0" branch="False" />
                <line number="20" hits="0" branch="True" condition-coverage="0% (0/2)">
                  <conditions>
                    <condition number="0" type="jump" coverage="0%" />
                  </conditions>
                </line>
                <line number="21" hits="0" branch="False" />
                <line number="22" hits="0" branch="False" />
                <line number="23" hits="0" branch="False" />
                <line number="25" hits="0" branch="False" />
                <line number="26" hits="0" branch="False" />
                <line number="27" hits="0" branch="False" />
                <line number="28" hits="0" branch="False" />
              </lines>
            </method>
            <method line-rate="0" branch-rate="1" complexity="1" name="Dispose" signature="()">
              <lines>
                <line number="32" hits="0" branch="False" />
                <line number="33" hits="0" branch="False" />
                <line number="34" hits="0" branch="False" />
                <line number="35" hits="0" branch="False" />
              </lines>
            </method>
            <method line-rate="0" branch-rate="0" complexity="20" name="Write" signature="()">
              <lines>
                <line number="38" hits="0" branch="False" />
                <line number="39" hits="0" branch="False" />
                <line number="40" hits="0" branch="True" condition-coverage="0% (0/4)">
                  <conditions>
                    <condition number="0" type="jump" coverage="0%" />
                    <condition number="1" type="jump" coverage="0%" />
                  </conditions>
                </line>
                <line number="41" hits="0" branch="False" />
                <line number="42" hits="0" branch="False" />
                <line number="43" hits="0" branch="True" condition-coverage="0% (0/2)">
                  <conditions>
                    <condition number="0" type="jump" coverage="0%" />
                  </conditions>
                </line>
                <line number="44" hits="0" branch="False" />
                <line number="45" hits="0" branch="False" />
                <line number="46" hits="0" branch="False" />
                <line number="48" hits="0" branch="True" condition-coverage="0% (0/2)">
                  <conditions>
                    <condition number="0" type="jump" coverage="0%" />
                  </conditions>
                </line>
                <line number="49" hits="0" branch="False" />
                <line number="50" hits="0" branch="False" />
                <line number="51" hits="0" branch="True" condition-coverage="0% (0/4)">
                  <conditions>
                    <condition number="0" type="jump" coverage="0%" />
                    <condition number="1" type="jump" coverage="0%" />
                  </conditions>
                </line>
                <line number="52" hits="0" branch="False" />
                <line number="53" hits="0" branch="False" />
                <line number="54" hits="0" branch="False" />
                <line number="55" hits="0" branch="False" />
                <line number="57" hits="0" branch="True" condition-coverage="0% (0/4)">
                  <conditions>
                    <condition number="0" type="jump" coverage="0%" />
                    <condition number="1" type="jump" coverage="0%" />
                  </conditions>
                </line>
                <line number="58" hits="0" branch="False" />
                <line number="59" hits="0" branch="False" />
                <line number="60" hits="0" branch="False" />
                <line number="62" hits="0" branch="True" condition-coverage="0% (0/4)">
                  <conditions>
                    <condition number="0" type="jump" coverage="0%" />
                    <condition number="1" type="jump" coverage="0%" />
                  </conditions>
                </line>
                <line number="63" hits="0" branch="False" />
                <line number="64" hits="0" branch="False" />
                <line number="65" hits="0" branch="False" />
                <line number="66" hits="0" branch="False" />
              </lines>
            </method>
            <method line-rate="0" branch-rate="0" complexity="32" name="WriteClass" signature="(TopModel.ModelGenerator.TmdClass)">
              <lines>
                <line number="69" hits="0" branch="False" />
                <line number="70" hits="0" branch="False" />
                <line number="71" hits="0" branch="False" />
                <line number="72" hits="0" branch="False" />
                <line number="74" hits="0" branch="True" condition-coverage="0% (0/2)">
                  <conditions>
                    <condition number="0" type="jump" coverage="0%" />
                  </conditions>
                </line>
                <line number="75" hits="0" branch="False" />
                <line number="76" hits="0" branch="False" />
                <line number="77" hits="0" branch="False" />
                <line number="79" hits="0" branch="True" condition-coverage="0% (0/2)">
                  <conditions>
                    <condition number="0" type="jump" coverage="0%" />
                  </conditions>
                </line>
                <line number="80" hits="0" branch="False" />
                <line number="81" hits="0" branch="False" />
                <line number="82" hits="0" branch="False" />
                <line number="84" hits="0" branch="False" />
                <line number="86" hits="0" branch="True" condition-coverage="0% (0/2)">
                  <conditions>
                    <condition number="0" type="jump" coverage="0%" />
                  </conditions>
                </line>
                <line number="87" hits="0" branch="False" />
                <line number="88" hits="0" branch="False" />
                <line number="89" hits="0" branch="False" />
                <line number="91" hits="0" branch="True" condition-coverage="0% (0/2)">
                  <conditions>
                    <condition number="0" type="jump" coverage="0%" />
                  </conditions>
                </line>
                <line number="92" hits="0" branch="False" />
                <line number="93" hits="0" branch="False" />
                <line number="94" hits="0" branch="False" />
                <line number="96" hits="0" branch="True" condition-coverage="0% (0/2)">
                  <conditions>
                    <condition number="0" type="jump" coverage="0%" />
                  </conditions>
                </line>
                <line number="97" hits="0" branch="False" />
                <line number="98" hits="0" branch="False" />
                <line number="99" hits="0" branch="False" />
                <line number="101" hits="0" branch="True" condition-coverage="0% (0/2)">
                  <conditions>
                    <condition number="0" type="jump" coverage="0%" />
                  </conditions>
                </line>
                <line number="102" hits="0" branch="False" />
                <line number="103" hits="0" branch="False" />
                <line number="104" hits="0" branch="False" />
                <line number="106" hits="0" branch="True" condition-coverage="0% (0/4)">
                  <conditions>
                    <condition number="0" type="jump" coverage="0%" />
                    <condition number="1" type="jump" coverage="0%" />
                  </conditions>
                </line>
                <line number="107" hits="0" branch="False" />
                <line number="108" hits="0" branch="False" />
                <line number="109" hits="0" branch="False" />
                <line number="111" hits="0" branch="False" />
                <line number="112" hits="0" branch="False" />
                <line number="113" hits="0" branch="False" />
                <line number="114" hits="0" branch="True" condition-coverage="0% (0/2)">
                  <conditions>
                    <condition number="0" type="jump" coverage="0%" />
                  </conditions>
                </line>
                <line number="115" hits="0" branch="False" />
                <line number="116" hits="0" branch="True" condition-coverage="0% (0/2)">
                  <conditions>
                    <condition number="0" type="jump" coverage="0%" />
                  </conditions>
                </line>
                <line number="117" hits="0" branch="False" />
                <line number="118" hits="0" branch="False" />
                <line number="119" hits="0" branch="False" />
                <line number="121" hits="0" branch="False" />
                <line number="122" hits="0" branch="False" />
                <line number="123" hits="0" branch="False" />
                <line number="124" hits="0" branch="False" />
                <line number="126" hits="0" branch="True" condition-coverage="0% (0/2)">
                  <conditions>
                    <condition number="0" type="jump" coverage="0%" />
                  </conditions>
                </line>
                <line number="127" hits="0" branch="False" />
                <line number="128" hits="0" branch="False" />
                <line number="129" hits="0" branch="False" />
                <line number="130" hits="0" branch="True" condition-coverage="0% (0/2)">
                  <conditions>
                    <condition number="0" type="jump" coverage="0%" />
                  </conditions>
                </line>
                <line number="131" hits="0" branch="False" />
                <line number="132" hits="0" branch="False" />
                <line number="133" hits="0" branch="False" />
                <line number="134" hits="0" branch="False" />
                <line number="136" hits="0" branch="True" condition-coverage="0% (0/2)">
                  <conditions>
                    <condition number="0" type="jump" coverage="0%" />
                  </conditions>
                </line>
                <line number="137" hits="0" branch="False" />
                <line number="138" hits="0" branch="False" />
                <line number="139" hits="0" branch="False" />
                <line number="140" hits="0" branch="False" />
                <line number="141" hits="0" branch="True" condition-coverage="0% (0/2)">
                  <conditions>
                    <condition number="0" type="jump" coverage="0%" />
                  </conditions>
                </line>
                <line number="142" hits="0" branch="False" />
                <line number="143" hits="0" branch="True" condition-coverage="0% (0/4)">
                  <conditions>
                    <condition number="0" type="jump" coverage="0%" />
                    <condition number="1" type="jump" coverage="0%" />
                  </conditions>
                </line>
                <line number="145" hits="0" branch="False" />
                <line number="146" hits="0" branch="False" />
                <line number="147" hits="0" branch="False" />
                <line number="148" hits="0" branch="False" />
              </lines>
            </method>
            <method line-rate="0" branch-rate="0" complexity="10" name="WriteEndpoint" signature="(TopModel.ModelGenerator.TmdEndpoint)">
              <lines>
                <line number="151" hits="0" branch="False" />
                <line number="152" hits="0" branch="False" />
                <line number="153" hits="0" branch="False" />
                <line number="154" hits="0" branch="False" />
                <line number="155" hits="0" branch="False" />
                <line number="156" hits="0" branch="False" />
                <line number="157" hits="0" branch="False" />
                <line number="158" hits="0" branch="True" condition-coverage="0% (0/2)">
                  <conditions>
                    <condition number="0" type="jump" coverage="0%" />
                  </conditions>
                </line>
                <line number="159" hits="0" branch="False" />
                <line number="160" hits="0" branch="False" />
                <line number="161" hits="0" branch="False" />
                <line number="163" hits="0" branch="True" condition-coverage="0% (0/2)">
                  <conditions>
                    <condition number="0" type="jump" coverage="0%" />
                  </conditions>
                </line>
                <line number="164" hits="0" branch="False" />
                <line number="165" hits="0" branch="False" />
                <line number="166" hits="0" branch="False" />
                <line number="167" hits="0" branch="True" condition-coverage="0% (0/2)">
                  <conditions>
                    <condition number="0" type="jump" coverage="0%" />
                  </conditions>
                </line>
                <line number="168" hits="0" branch="False" />
                <line number="169" hits="0" branch="True" condition-coverage="0% (0/2)">
                  <conditions>
                    <condition number="0" type="jump" coverage="0%" />
                  </conditions>
                </line>
                <line number="170" hits="0" branch="False" />
                <line number="171" hits="0" branch="False" />
                <line number="172" hits="0" branch="False" />
                <line number="174" hits="0" branch="False" />
                <line number="175" hits="0" branch="False" />
                <line number="176" hits="0" branch="False" />
                <line number="177" hits="0" branch="False" />
                <line number="179" hits="0" branch="True" condition-coverage="0% (0/2)">
                  <conditions>
                    <condition number="0" type="jump" coverage="0%" />
                  </conditions>
                </line>
                <line number="180" hits="0" branch="False" />
                <line number="181" hits="0" branch="False" />
                <line number="182" hits="0" branch="False" />
                <line number="183" hits="0" branch="False" />
                <line number="184" hits="0" branch="False" />
              </lines>
            </method>
            <method line-rate="0" branch-rate="0" complexity="40" name="WriteProperty" signature="(TopModel.ModelGenerator.TmdProperty, bool)">
              <lines>
                <line number="187" hits="0" branch="False" />
                <line number="188" hits="0" branch="True" condition-coverage="0% (0/2)">
                  <conditions>
                    <condition number="0" type="jump" coverage="0%" />
                  </conditions>
                </line>
                <line number="189" hits="0" branch="True" condition-coverage="0% (0/2)">
                  <conditions>
                    <condition number="0" type="jump" coverage="0%" />
                  </conditions>
                </line>
                <line number="190" hits="0" branch="False" />
                <line number="191" hits="0" branch="True" condition-coverage="0% (0/2)">
                  <conditions>
                    <condition number="0" type="jump" coverage="0%" />
                  </conditions>
                </line>
                <line number="192" hits="0" branch="False" />
                <line number="193" hits="0" branch="True" condition-coverage="0% (0/2)">
                  <conditions>
                    <condition number="0" type="jump" coverage="0%" />
                  </conditions>
                </line>
                <line number="194" hits="0" branch="False" />
                <line number="195" hits="0" branch="False" />
                <line number="196" hits="0" branch="False" />
                <line number="198" hits="0" branch="True" condition-coverage="0% (0/2)">
                  <conditions>
                    <condition number="0" type="jump" coverage="0%" />
                  </conditions>
                </line>
                <line number="199" hits="0" branch="False" />
                <line number="200" hits="0" branch="False" />
                <line number="201" hits="0" branch="False" />
                <line number="203" hits="0" branch="True" condition-coverage="0% (0/2)">
                  <conditions>
                    <condition number="0" type="jump" coverage="0%" />
                  </conditions>
                </line>
                <line number="204" hits="0" branch="False" />
                <line number="205" hits="0" branch="False" />
                <line number="206" hits="0" branch="False" />
                <line number="207" hits="0" branch="False" />
                <line number="208" hits="0" branch="True" condition-coverage="0% (0/2)">
                  <conditions>
                    <condition number="0" type="jump" coverage="0%" />
                  </conditions>
                </line>
                <line number="209" hits="0" branch="False" />
                <line number="210" hits="0" branch="True" condition-coverage="0% (0/2)">
                  <conditions>
                    <condition number="0" type="jump" coverage="0%" />
                  </conditions>
                </line>
                <line number="211" hits="0" branch="False" />
                <line number="212" hits="0" branch="True" condition-coverage="0% (0/2)">
                  <conditions>
                    <condition number="0" type="jump" coverage="0%" />
                  </conditions>
                </line>
                <line number="213" hits="0" branch="False" />
                <line number="214" hits="0" branch="False" />
                <line number="215" hits="0" branch="False" />
                <line number="217" hits="0" branch="True" condition-coverage="0% (0/2)">
                  <conditions>
                    <condition number="0" type="jump" coverage="0%" />
                  </conditions>
                </line>
                <line number="218" hits="0" branch="False" />
                <line number="219" hits="0" branch="False" />
                <line number="220" hits="0" branch="False" />
                <line number="222" hits="0" branch="False" />
                <line number="223" hits="0" branch="False" />
                <line number="224" hits="0" branch="True" condition-coverage="0% (0/2)">
                  <conditions>
                    <condition number="0" type="jump" coverage="0%" />
                  </conditions>
                </line>
                <line number="225" hits="0" branch="False" />
                <line number="226" hits="0" branch="True" condition-coverage="0% (0/2)">
                  <conditions>
                    <condition number="0" type="jump" coverage="0%" />
                  </conditions>
                </line>
                <line number="227" hits="0" branch="False" />
                <line number="228" hits="0" branch="False" />
                <line number="231" hits="0" branch="True" condition-coverage="0% (0/2)">
                  <conditions>
                    <condition number="0" type="jump" coverage="0%" />
                  </conditions>
                </line>
                <line number="232" hits="0" branch="False" />
                <line number="233" hits="0" branch="True" condition-coverage="0% (0/2)">
                  <conditions>
                    <condition number="0" type="jump" coverage="0%" />
                  </conditions>
                </line>
                <line number="234" hits="0" branch="False" />
                <line number="235" hits="0" branch="False" />
                <line number="236" hits="0" branch="False" />
                <line number="238" hits="0" branch="True" condition-coverage="0% (0/2)">
                  <conditions>
                    <condition number="0" type="jump" coverage="0%" />
                  </conditions>
                </line>
                <line number="239" hits="0" branch="False" />
                <line number="240" hits="0" branch="False" />
                <line number="241" hits="0" branch="False" />
                <line number="243" hits="0" branch="False" />
                <line number="244" hits="0" branch="False" />
                <line number="245" hits="0" branch="True" condition-coverage="0% (0/2)">
                  <conditions>
                    <condition number="0" type="jump" coverage="0%" />
                  </conditions>
                </line>
                <line number="246" hits="0" branch="False" />
                <line number="247" hits="0" branch="True" condition-coverage="0% (0/2)">
                  <conditions>
                    <condition number="0" type="jump" coverage="0%" />
                  </conditions>
                </line>
                <line number="248" hits="0" branch="False" />
                <line number="249" hits="0" branch="False" />
                <line number="250" hits="0" branch="False" />
                <line number="252" hits="0" branch="True" condition-coverage="0% (0/2)">
                  <conditions>
                    <condition number="0" type="jump" coverage="0%" />
                  </conditions>
                </line>
                <line number="253" hits="0" branch="False" />
                <line number="254" hits="0" branch="False" />
                <line number="255" hits="0" branch="False" />
                <line number="257" hits="0" branch="True" condition-coverage="0% (0/2)">
                  <conditions>
                    <condition number="0" type="jump" coverage="0%" />
                  </conditions>
                </line>
                <line number="258" hits="0" branch="False" />
                <line number="259" hits="0" branch="False" />
                <line number="260" hits="0" branch="False" />
                <line number="262" hits="0" branch="True" condition-coverage="0% (0/2)">
                  <conditions>
                    <condition number="0" type="jump" coverage="0%" />
                  </conditions>
                </line>
                <line number="263" hits="0" branch="False" />
                <line number="264" hits="0" branch="False" />
                <line number="265" hits="0" branch="False" />
                <line number="266" hits="0" branch="False" />
                <line number="267" hits="0" branch="False" />
              </lines>
            </method>
            <method line-rate="0" branch-rate="1" complexity="1" name="&lt;Write&gt;b__5_0" signature="(TopModel.ModelGenerator.TmdFile)">
              <lines>
                <line number="48" hits="0" branch="False" />
              </lines>
            </method>
            <method line-rate="0" branch-rate="0" complexity="2" name="&lt;Write&gt;b__5_1" signature="(TopModel.ModelGenerator.TmdFile)">
              <lines>
                <line number="51" hits="0" branch="True" condition-coverage="0% (0/2)">
                  <conditions>
                    <condition number="0" type="jump" coverage="0%" />
                  </conditions>
                </line>
              </lines>
            </method>
          </methods>
          <lines>
            <line number="14" hits="0" branch="False" />
            <line number="15" hits="0" branch="False" />
            <line number="16" hits="0" branch="False" />
            <line number="17" hits="0" branch="False" />
            <line number="18" hits="0" branch="False" />
            <line number="19" hits="0" branch="False" />
            <line number="20" hits="0" branch="True" condition-coverage="0% (0/2)">
              <conditions>
                <condition number="0" type="jump" coverage="0%" />
              </conditions>
            </line>
            <line number="21" hits="0" branch="False" />
            <line number="22" hits="0" branch="False" />
            <line number="23" hits="0" branch="False" />
            <line number="25" hits="0" branch="False" />
            <line number="26" hits="0" branch="False" />
            <line number="27" hits="0" branch="False" />
            <line number="28" hits="0" branch="False" />
            <line number="32" hits="0" branch="False" />
            <line number="33" hits="0" branch="False" />
            <line number="34" hits="0" branch="False" />
            <line number="35" hits="0" branch="False" />
            <line number="38" hits="0" branch="False" />
            <line number="39" hits="0" branch="False" />
            <line number="40" hits="0" branch="True" condition-coverage="0% (0/4)">
              <conditions>
                <condition number="0" type="jump" coverage="0%" />
                <condition number="1" type="jump" coverage="0%" />
              </conditions>
            </line>
            <line number="41" hits="0" branch="False" />
            <line number="42" hits="0" branch="False" />
            <line number="43" hits="0" branch="True" condition-coverage="0% (0/2)">
              <conditions>
                <condition number="0" type="jump" coverage="0%" />
              </conditions>
            </line>
            <line number="44" hits="0" branch="False" />
            <line number="45" hits="0" branch="False" />
            <line number="46" hits="0" branch="False" />
            <line number="48" hits="0" branch="True" condition-coverage="0% (0/2)">
              <conditions>
                <condition number="0" type="jump" coverage="0%" />
              </conditions>
            </line>
            <line number="49" hits="0" branch="False" />
            <line number="50" hits="0" branch="False" />
            <line number="51" hits="0" branch="True" condition-coverage="0% (0/6)">
              <conditions>
                <condition number="0" type="jump" coverage="0%" />
                <condition number="1" type="jump" coverage="0%" />
                <condition number="2" type="jump" coverage="0%" />
              </conditions>
            </line>
            <line number="52" hits="0" branch="False" />
            <line number="53" hits="0" branch="False" />
            <line number="54" hits="0" branch="False" />
            <line number="55" hits="0" branch="False" />
            <line number="57" hits="0" branch="True" condition-coverage="0% (0/4)">
              <conditions>
                <condition number="0" type="jump" coverage="0%" />
                <condition number="1" type="jump" coverage="0%" />
              </conditions>
            </line>
            <line number="58" hits="0" branch="False" />
            <line number="59" hits="0" branch="False" />
            <line number="60" hits="0" branch="False" />
            <line number="62" hits="0" branch="True" condition-coverage="0% (0/4)">
              <conditions>
                <condition number="0" type="jump" coverage="0%" />
                <condition number="1" type="jump" coverage="0%" />
              </conditions>
            </line>
            <line number="63" hits="0" branch="False" />
            <line number="64" hits="0" branch="False" />
            <line number="65" hits="0" branch="False" />
            <line number="66" hits="0" branch="False" />
            <line number="69" hits="0" branch="False" />
            <line number="70" hits="0" branch="False" />
            <line number="71" hits="0" branch="False" />
            <line number="72" hits="0" branch="False" />
            <line number="74" hits="0" branch="True" condition-coverage="0% (0/2)">
              <conditions>
                <condition number="0" type="jump" coverage="0%" />
              </conditions>
            </line>
            <line number="75" hits="0" branch="False" />
            <line number="76" hits="0" branch="False" />
            <line number="77" hits="0" branch="False" />
            <line number="79" hits="0" branch="True" condition-coverage="0% (0/2)">
              <conditions>
                <condition number="0" type="jump" coverage="0%" />
              </conditions>
            </line>
            <line number="80" hits="0" branch="False" />
            <line number="81" hits="0" branch="False" />
            <line number="82" hits="0" branch="False" />
            <line number="84" hits="0" branch="False" />
            <line number="86" hits="0" branch="True" condition-coverage="0% (0/2)">
              <conditions>
                <condition number="0" type="jump" coverage="0%" />
              </conditions>
            </line>
            <line number="87" hits="0" branch="False" />
            <line number="88" hits="0" branch="False" />
            <line number="89" hits="0" branch="False" />
            <line number="91" hits="0" branch="True" condition-coverage="0% (0/2)">
              <conditions>
                <condition number="0" type="jump" coverage="0%" />
              </conditions>
            </line>
            <line number="92" hits="0" branch="False" />
            <line number="93" hits="0" branch="False" />
            <line number="94" hits="0" branch="False" />
            <line number="96" hits="0" branch="True" condition-coverage="0% (0/2)">
              <conditions>
                <condition number="0" type="jump" coverage="0%" />
              </conditions>
            </line>
            <line number="97" hits="0" branch="False" />
            <line number="98" hits="0" branch="False" />
            <line number="99" hits="0" branch="False" />
            <line number="101" hits="0" branch="True" condition-coverage="0% (0/2)">
              <conditions>
                <condition number="0" type="jump" coverage="0%" />
              </conditions>
            </line>
            <line number="102" hits="0" branch="False" />
            <line number="103" hits="0" branch="False" />
            <line number="104" hits="0" branch="False" />
            <line number="106" hits="0" branch="True" condition-coverage="0% (0/4)">
              <conditions>
                <condition number="0" type="jump" coverage="0%" />
                <condition number="1" type="jump" coverage="0%" />
              </conditions>
            </line>
            <line number="107" hits="0" branch="False" />
            <line number="108" hits="0" branch="False" />
            <line number="109" hits="0" branch="False" />
            <line number="111" hits="0" branch="False" />
            <line number="112" hits="0" branch="False" />
            <line number="113" hits="0" branch="False" />
            <line number="114" hits="0" branch="True" condition-coverage="0% (0/2)">
              <conditions>
                <condition number="0" type="jump" coverage="0%" />
              </conditions>
            </line>
            <line number="115" hits="0" branch="False" />
            <line number="116" hits="0" branch="True" condition-coverage="0% (0/2)">
              <conditions>
                <condition number="0" type="jump" coverage="0%" />
              </conditions>
            </line>
            <line number="117" hits="0" branch="False" />
            <line number="118" hits="0" branch="False" />
            <line number="119" hits="0" branch="False" />
            <line number="121" hits="0" branch="False" />
            <line number="122" hits="0" branch="False" />
            <line number="123" hits="0" branch="False" />
            <line number="124" hits="0" branch="False" />
            <line number="126" hits="0" branch="True" condition-coverage="0% (0/2)">
              <conditions>
                <condition number="0" type="jump" coverage="0%" />
              </conditions>
            </line>
            <line number="127" hits="0" branch="False" />
            <line number="128" hits="0" branch="False" />
            <line number="129" hits="0" branch="False" />
            <line number="130" hits="0" branch="True" condition-coverage="0% (0/2)">
              <conditions>
                <condition number="0" type="jump" coverage="0%" />
              </conditions>
            </line>
            <line number="131" hits="0" branch="False" />
            <line number="132" hits="0" branch="False" />
            <line number="133" hits="0" branch="False" />
            <line number="134" hits="0" branch="False" />
            <line number="136" hits="0" branch="True" condition-coverage="0% (0/2)">
              <conditions>
                <condition number="0" type="jump" coverage="0%" />
              </conditions>
            </line>
            <line number="137" hits="0" branch="False" />
            <line number="138" hits="0" branch="False" />
            <line number="139" hits="0" branch="False" />
            <line number="140" hits="0" branch="False" />
            <line number="141" hits="0" branch="True" condition-coverage="0% (0/2)">
              <conditions>
                <condition number="0" type="jump" coverage="0%" />
              </conditions>
            </line>
            <line number="142" hits="0" branch="False" />
            <line number="143" hits="0" branch="True" condition-coverage="0% (0/4)">
              <conditions>
                <condition number="0" type="jump" coverage="0%" />
                <condition number="1" type="jump" coverage="0%" />
              </conditions>
            </line>
            <line number="145" hits="0" branch="False" />
            <line number="146" hits="0" branch="False" />
            <line number="147" hits="0" branch="False" />
            <line number="148" hits="0" branch="False" />
            <line number="151" hits="0" branch="False" />
            <line number="152" hits="0" branch="False" />
            <line number="153" hits="0" branch="False" />
            <line number="154" hits="0" branch="False" />
            <line number="155" hits="0" branch="False" />
            <line number="156" hits="0" branch="False" />
            <line number="157" hits="0" branch="False" />
            <line number="158" hits="0" branch="True" condition-coverage="0% (0/2)">
              <conditions>
                <condition number="0" type="jump" coverage="0%" />
              </conditions>
            </line>
            <line number="159" hits="0" branch="False" />
            <line number="160" hits="0" branch="False" />
            <line number="161" hits="0" branch="False" />
            <line number="163" hits="0" branch="True" condition-coverage="0% (0/2)">
              <conditions>
                <condition number="0" type="jump" coverage="0%" />
              </conditions>
            </line>
            <line number="164" hits="0" branch="False" />
            <line number="165" hits="0" branch="False" />
            <line number="166" hits="0" branch="False" />
            <line number="167" hits="0" branch="True" condition-coverage="0% (0/2)">
              <conditions>
                <condition number="0" type="jump" coverage="0%" />
              </conditions>
            </line>
            <line number="168" hits="0" branch="False" />
            <line number="169" hits="0" branch="True" condition-coverage="0% (0/2)">
              <conditions>
                <condition number="0" type="jump" coverage="0%" />
              </conditions>
            </line>
            <line number="170" hits="0" branch="False" />
            <line number="171" hits="0" branch="False" />
            <line number="172" hits="0" branch="False" />
            <line number="174" hits="0" branch="False" />
            <line number="175" hits="0" branch="False" />
            <line number="176" hits="0" branch="False" />
            <line number="177" hits="0" branch="False" />
            <line number="179" hits="0" branch="True" condition-coverage="0% (0/2)">
              <conditions>
                <condition number="0" type="jump" coverage="0%" />
              </conditions>
            </line>
            <line number="180" hits="0" branch="False" />
            <line number="181" hits="0" branch="False" />
            <line number="182" hits="0" branch="False" />
            <line number="183" hits="0" branch="False" />
            <line number="184" hits="0" branch="False" />
            <line number="187" hits="0" branch="False" />
            <line number="188" hits="0" branch="True" condition-coverage="0% (0/2)">
              <conditions>
                <condition number="0" type="jump" coverage="0%" />
              </conditions>
            </line>
            <line number="189" hits="0" branch="True" condition-coverage="0% (0/2)">
              <conditions>
                <condition number="0" type="jump" coverage="0%" />
              </conditions>
            </line>
            <line number="190" hits="0" branch="False" />
            <line number="191" hits="0" branch="True" condition-coverage="0% (0/2)">
              <conditions>
                <condition number="0" type="jump" coverage="0%" />
              </conditions>
            </line>
            <line number="192" hits="0" branch="False" />
            <line number="193" hits="0" branch="True" condition-coverage="0% (0/2)">
              <conditions>
                <condition number="0" type="jump" coverage="0%" />
              </conditions>
            </line>
            <line number="194" hits="0" branch="False" />
            <line number="195" hits="0" branch="False" />
            <line number="196" hits="0" branch="False" />
            <line number="198" hits="0" branch="True" condition-coverage="0% (0/2)">
              <conditions>
                <condition number="0" type="jump" coverage="0%" />
              </conditions>
            </line>
            <line number="199" hits="0" branch="False" />
            <line number="200" hits="0" branch="False" />
            <line number="201" hits="0" branch="False" />
            <line number="203" hits="0" branch="True" condition-coverage="0% (0/2)">
              <conditions>
                <condition number="0" type="jump" coverage="0%" />
              </conditions>
            </line>
            <line number="204" hits="0" branch="False" />
            <line number="205" hits="0" branch="False" />
            <line number="206" hits="0" branch="False" />
            <line number="207" hits="0" branch="False" />
            <line number="208" hits="0" branch="True" condition-coverage="0% (0/2)">
              <conditions>
                <condition number="0" type="jump" coverage="0%" />
              </conditions>
            </line>
            <line number="209" hits="0" branch="False" />
            <line number="210" hits="0" branch="True" condition-coverage="0% (0/2)">
              <conditions>
                <condition number="0" type="jump" coverage="0%" />
              </conditions>
            </line>
            <line number="211" hits="0" branch="False" />
            <line number="212" hits="0" branch="True" condition-coverage="0% (0/2)">
              <conditions>
                <condition number="0" type="jump" coverage="0%" />
              </conditions>
            </line>
            <line number="213" hits="0" branch="False" />
            <line number="214" hits="0" branch="False" />
            <line number="215" hits="0" branch="False" />
            <line number="217" hits="0" branch="True" condition-coverage="0% (0/2)">
              <conditions>
                <condition number="0" type="jump" coverage="0%" />
              </conditions>
            </line>
            <line number="218" hits="0" branch="False" />
            <line number="219" hits="0" branch="False" />
            <line number="220" hits="0" branch="False" />
            <line number="222" hits="0" branch="False" />
            <line number="223" hits="0" branch="False" />
            <line number="224" hits="0" branch="True" condition-coverage="0% (0/2)">
              <conditions>
                <condition number="0" type="jump" coverage="0%" />
              </conditions>
            </line>
            <line number="225" hits="0" branch="False" />
            <line number="226" hits="0" branch="True" condition-coverage="0% (0/2)">
              <conditions>
                <condition number="0" type="jump" coverage="0%" />
              </conditions>
            </line>
            <line number="227" hits="0" branch="False" />
            <line number="228" hits="0" branch="False" />
            <line number="231" hits="0" branch="True" condition-coverage="0% (0/2)">
              <conditions>
                <condition number="0" type="jump" coverage="0%" />
              </conditions>
            </line>
            <line number="232" hits="0" branch="False" />
            <line number="233" hits="0" branch="True" condition-coverage="0% (0/2)">
              <conditions>
                <condition number="0" type="jump" coverage="0%" />
              </conditions>
            </line>
            <line number="234" hits="0" branch="False" />
            <line number="235" hits="0" branch="False" />
            <line number="236" hits="0" branch="False" />
            <line number="238" hits="0" branch="True" condition-coverage="0% (0/2)">
              <conditions>
                <condition number="0" type="jump" coverage="0%" />
              </conditions>
            </line>
            <line number="239" hits="0" branch="False" />
            <line number="240" hits="0" branch="False" />
            <line number="241" hits="0" branch="False" />
            <line number="243" hits="0" branch="False" />
            <line number="244" hits="0" branch="False" />
            <line number="245" hits="0" branch="True" condition-coverage="0% (0/2)">
              <conditions>
                <condition number="0" type="jump" coverage="0%" />
              </conditions>
            </line>
            <line number="246" hits="0" branch="False" />
            <line number="247" hits="0" branch="True" condition-coverage="0% (0/2)">
              <conditions>
                <condition number="0" type="jump" coverage="0%" />
              </conditions>
            </line>
            <line number="248" hits="0" branch="False" />
            <line number="249" hits="0" branch="False" />
            <line number="250" hits="0" branch="False" />
            <line number="252" hits="0" branch="True" condition-coverage="0% (0/2)">
              <conditions>
                <condition number="0" type="jump" coverage="0%" />
              </conditions>
            </line>
            <line number="253" hits="0" branch="False" />
            <line number="254" hits="0" branch="False" />
            <line number="255" hits="0" branch="False" />
            <line number="257" hits="0" branch="True" condition-coverage="0% (0/2)">
              <conditions>
                <condition number="0" type="jump" coverage="0%" />
              </conditions>
            </line>
            <line number="258" hits="0" branch="False" />
            <line number="259" hits="0" branch="False" />
            <line number="260" hits="0" branch="False" />
            <line number="262" hits="0" branch="True" condition-coverage="0% (0/2)">
              <conditions>
                <condition number="0" type="jump" coverage="0%" />
              </conditions>
            </line>
            <line number="263" hits="0" branch="False" />
            <line number="264" hits="0" branch="False" />
            <line number="265" hits="0" branch="False" />
            <line number="266" hits="0" branch="False" />
            <line number="267" hits="0" branch="False" />
          </lines>
        </class>
        <class line-rate="0" branch-rate="0" complexity="2" name="TopModel.ModelGenerator.OpenApi.OpenApiConfig" filename="C:\Projets\klee-contrib\topmodel\TopModel.ModelGenerator\OpenApi\config\OpenApiConfig.cs">
          <methods>
            <method line-rate="0" branch-rate="0" complexity="2" name="get_OutputDirectory" signature="()">
              <lines>
                <line number="9" hits="0" branch="True" condition-coverage="0% (0/2)">
                  <conditions>
                    <condition number="0" type="jump" coverage="0%" />
                  </conditions>
                </line>
              </lines>
            </method>
[...]
              </conditions>
            </line>
            <line number="83" hits="0" branch="True" condition-coverage="0% (0/2)">
              <conditions>
                <condition number="0" type="jump" coverage="0%" />
              </conditions>
            </line>
            <line number="85" hits="0" branch="False" />
            <line number="87" hits="0" branch="False" />
            <line number="88" hits="0" branch="True" condition-coverage="0% (0/2)">
              <conditions>
                <condition number="0" type="jump" coverage="0%" />
              </conditions>
            </line>
            <line number="90" hits="0" branch="False" />
            <line number="94" hits="0" branch="False" />
            <line number="97" hits="0" branch="False" />
            <line number="98" hits="0" branch="False" />
            <line number="99" hits="0" branch="False" />
            <line number="104" hits="0" branch="False" />
            <line number="106" hits="0" branch="False" />
            <line number="108" hits="0" branch="True" condition-coverage="0% (0/2)">
              <conditions>
                <condition number="0" type="jump" coverage="0%" />
              </conditions>
            </line>
            <line number="109" hits="0" branch="False" />
            <line number="110" hits="0" branch="False" />
            <line number="111" hits="0" branch="True" condition-coverage="0% (0/4)">
              <conditions>
                <condition number="0" type="jump" coverage="0%" />
                <condition number="1" type="jump" coverage="0%" />
              </conditions>
            </line>
            <line number="112" hits="0" branch="False" />
            <line number="114" hits="0" branch="False" />
            <line number="115" hits="0" branch="False" />
            <line number="117" hits="0" branch="False" />
            <line number="118" hits="0" branch="False" />
            <line number="119" hits="0" branch="False" />
            <line number="120" hits="0" branch="False" />
            <line number="121" hits="0" branch="False" />
            <line number="122" hits="0" branch="False" />
            <line number="124" hits="0" branch="False" />
            <line number="125" hits="0" branch="False" />
            <line number="128" hits="0" branch="False" />
            <line number="129" hits="0" branch="True" condition-coverage="0% (0/4)">
              <conditions>
                <condition number="0" type="jump" coverage="0%" />
                <condition number="1" type="jump" coverage="0%" />
              </conditions>
            </line>
            <line number="130" hits="0" branch="False" />
            <line number="131" hits="0" branch="False" />
            <line number="132" hits="0" branch="False" />
            <line number="133" hits="0" branch="False" />
            <line number="134" hits="0" branch="False" />
            <line number="135" hits="0" branch="False" />
            <line number="136" hits="0" branch="False" />
            <line number="137" hits="0" branch="False" />
            <line number="138" hits="0" branch="False" />
            <line number="139" hits="0" branch="False" />
            <line number="141" hits="0" branch="False" />
            <line number="142" hits="0" branch="False" />
            <line number="143" hits="0" branch="False" />
          </lines>
        </class>
        <class line-rate="1" branch-rate="1" complexity="1" name="TopModel.Utils.TopModelLockFile" filename="C:\Projets\klee-contrib\topmodel\TopModel.Utils\TopModelLockFile.cs">
          <methods>
            <method line-rate="1" branch-rate="1" complexity="1" name=".ctor" signature="()">
              <lines>
                <line number="7" hits="1" branch="False" />
                <line number="9" hits="1" branch="False" />
                <line number="11" hits="1" branch="False" />
              </lines>
            </method>
          </methods>
          <lines>
            <line number="7" hits="1" branch="False" />
            <line number="9" hits="1" branch="False" />
            <line number="11" hits="1" branch="False" />
          </lines>
        </class>
        <class line-rate="0" branch-rate="0" complexity="6" name="TopModel.Utils.TopModelLockModule" filename="C:\Projets\klee-contrib\topmodel\TopModel.Utils\TopModelLockModule.cs">
          <methods>
            <method line-rate="0" branch-rate="0" complexity="4" name="Read" signature="(YamlDotNet.Core.IParser, System.Type, YamlDotNet.Serialization.ObjectDeserializer)">
              <lines>
                <line number="11" hits="0" branch="False" />
                <line number="12" hits="0" branch="True" condition-coverage="0% (0/2)">
                  <conditions>
                    <condition number="0" type="jump" coverage="0%" />
                  </conditions>
                </line>
                <line number="13" hits="0" branch="False" />
                <line number="14" hits="0" branch="False" />
                <line number="15" hits="0" branch="False" />
                <line number="16" hits="0" branch="True" condition-coverage="0% (0/2)">
                  <conditions>
                    <condition number="0" type="jump" coverage="0%" />
                  </conditions>
                </line>
                <line number="17" hits="0" branch="False" />
                <line number="18" hits="0" branch="False" />
                <line number="19" hits="0" branch="False" />
                <line number="20" hits="0" branch="False" />
                <line number="21" hits="0" branch="False" />
                <line number="22" hits="0" branch="False" />
              </lines>
            </method>
            <method line-rate="0" branch-rate="0" complexity="2" name="Write" signature="(YamlDotNet.Core.IEmitter, YamlDotNet.Serialization.ObjectSerializer)">
              <lines>
                <line number="26" hits="0" branch="False" />
                <line number="27" hits="0" branch="True" condition-coverage="0% (0/2)">
                  <conditions>
                    <condition number="0" type="jump" coverage="0%" />
                  </conditions>
                </line>
                <line number="28" hits="0" branch="False" />
                <line number="29" hits="0" branch="False" />
                <line number="30" hits="0" branch="False" />
                <line number="32" hits="0" branch="False" />
                <line number="33" hits="0" branch="False" />
                <line number="34" hits="0" branch="False" />
                <line number="35" hits="0" branch="False" />
              </lines>
            </method>
          </methods>
          <lines>
            <line number="11" hits="0" branch="False" />
            <line number="12" hits="0" branch="True" condition-coverage="0% (0/2)">
              <conditions>
                <condition number="0" type="jump" coverage="0%" />
              </conditions>
            </line>
            <line number="13" hits="0" branch="False" />
            <line number="14" hits="0" branch="False" />
            <line number="15" hits="0" branch="False" />
            <line number="16" hits="0" branch="True" condition-coverage="0% (0/2)">
              <conditions>
                <condition number="0" type="jump" coverage="0%" />
              </conditions>
            </line>
            <line number="17" hits="0" branch="False" />
            <line number="18" hits="0" branch="False" />
            <line number="19" hits="0" branch="False" />
            <line number="20" hits="0" branch="False" />
            <line number="21" hits="0" branch="False" />
            <line number="22" hits="0" branch="False" />
            <line number="26" hits="0" branch="False" />
            <line number="27" hits="0" branch="True" condition-coverage="0% (0/2)">
              <conditions>
                <condition number="0" type="jump" coverage="0%" />
              </conditions>
            </line>
            <line number="28" hits="0" branch="False" />
            <line number="29" hits="0" branch="False" />
            <line number="30" hits="0" branch="False" />
            <line number="32" hits="0" branch="False" />
            <line number="33" hits="0" branch="False" />
            <line number="34" hits="0" branch="False" />
            <line number="35" hits="0" branch="False" />
          </lines>
        </class>
        <class line-rate="0" branch-rate="1" complexity="1" name="TopModel.Utils.ConfigBase.&lt;&gt;c" filename="C:\Projets\klee-contrib\topmodel\TopModel.Utils\ConfigBase.cs">
          <methods>
            <method line-rate="0" branch-rate="1" complexity="1" name="&lt;get_ModelFilePaths&gt;b__13_0" signature="(string)">
              <lines>
                <line number="31" hits="0" branch="False" />
              </lines>
            </method>
          </methods>
          <lines>
            <line number="31" hits="0" branch="False" />
          </lines>
        </class>
        <class line-rate="0" branch-rate="1" complexity="1" name="TopModel.Utils.ModelUtils.&lt;&gt;c" filename="C:\Projets\klee-contrib\topmodel\TopModel.Utils\ModelUtils.cs">
          <methods>
            <method line-rate="0" branch-rate="1" complexity="1" name="&lt;ToPascalCase&gt;b__12_4" signature="(System.Text.RegularExpressions.Match)">
              <lines>
                <line number="219" hits="0" branch="False" />
              </lines>
            </method>
            <method line-rate="0" branch-rate="1" complexity="1" name="&lt;ToPascalCase&gt;b__12_5" signature="(System.Text.RegularExpressions.Match)">
              <lines>
                <line number="224" hits="0" branch="False" />
              </lines>
            </method>
            <method line-rate="0" branch-rate="1" complexity="1" name="&lt;ToPascalCase&gt;b__12_6" signature="(System.Text.RegularExpressions.Match)">
              <lines>
                <line number="228" hits="0" branch="False" />
              </lines>
            </method>
            <method line-rate="0" branch-rate="1" complexity="1" name="&lt;ToPascalCase&gt;b__12_7" signature="(System.Text.RegularExpressions.Match)">
              <lines>
                <line number="233" hits="0" branch="False" />
              </lines>
            </method>
          </methods>
          <lines>
            <line number="219" hits="0" branch="False" />
            <line number="224" hits="0" branch="False" />
            <line number="228" hits="0" branch="False" />
            <line number="233" hits="0" branch="False" />
          </lines>
        </class>
        <class line-rate="0" branch-rate="1" complexity="1" name="TopModel.Utils.ModelUtils.&lt;&gt;c__3&lt;T&gt;" filename="C:\Projets\klee-contrib\topmodel\TopModel.Utils\ModelUtils.cs">
          <methods>
            <method line-rate="0" branch-rate="1" complexity="1" name="&lt;GetDuplicates&gt;b__3_0" signature="(System.Linq.IGrouping&lt;object, T&gt;)">
              <lines>
                <line number="62" hits="0" branch="False" />
              </lines>
            </method>
            <method line-rate="0" branch-rate="1" complexity="1" name="&lt;GetDuplicates&gt;b__3_1" signature="(System.Linq.IGrouping&lt;object, T&gt;)">
              <lines>
                <line number="62" hits="0" branch="False" />
              </lines>
            </method>
          </methods>
          <lines>
            <line number="62" hits="0" branch="False" />
          </lines>
        </class>
        <class line-rate="0" branch-rate="0" complexity="8" name="TopModel.Utils.ModelUtils.&lt;&gt;c__DisplayClass12_0" filename="C:\Projets\klee-contrib\topmodel\TopModel.Utils\ModelUtils.cs">
          <methods>
            <method line-rate="0" branch-rate="0" complexity="2" name="&lt;ToPascalCase&gt;b__0" signature="(string)">
              <lines>
                <line number="219" hits="0" branch="True" condition-coverage="0% (0/2)">
                  <conditions>
                    <condition number="0" type="jump" coverage="0%" />
                  </conditions>
                </line>
              </lines>
            </method>
            <method line-rate="0" branch-rate="0" complexity="2" name="&lt;ToPascalCase&gt;b__1" signature="(string)">
              <lines>
                <line number="224" hits="0" branch="True" condition-coverage="0% (0/2)">
                  <conditions>
                    <condition number="0" type="jump" coverage="0%" />
                  </conditions>
                </line>
              </lines>
            </method>
            <method line-rate="0" branch-rate="0" complexity="2" name="&lt;ToPascalCase&gt;b__2" signature="(string)">
              <lines>
                <line number="228" hits="0" branch="True" condition-coverage="0% (0/2)">
                  <conditions>
                    <condition number="0" type="jump" coverage="0%" />
                  </conditions>
                </line>
              </lines>
            </method>
            <method line-rate="0" branch-rate="0" complexity="2" name="&lt;ToPascalCase&gt;b__3" signature="(string)">
              <lines>
                <line number="233" hits="0" branch="True" condition-coverage="0% (0/2)">
                  <conditions>
                    <condition number="0" type="jump" coverage="0%" />
                  </conditions>
                </line>
              </lines>
            </method>
          </methods>
          <lines>
            <line number="219" hits="0" branch="True" condition-coverage="0% (0/2)">
              <conditions>
                <condition number="0" type="jump" coverage="0%" />
              </conditions>
            </line>
            <line number="224" hits="0" branch="True" condition-coverage="0% (0/2)">
              <conditions>
                <condition number="0" type="jump" coverage="0%" />
              </conditions>
            </line>
            <line number="228" hits="0" branch="True" condition-coverage="0% (0/2)">
              <conditions>
                <condition number="0" type="jump" coverage="0%" />
              </conditions>
            </line>
            <line number="233" hits="0" branch="True" condition-coverage="0% (0/2)">
              <conditions>
                <condition number="0" type="jump" coverage="0%" />
              </conditions>
            </line>
          </lines>
        </class>
        <class line-rate="0" branch-rate="1" complexity="1" name="TopModel.Utils.ModelUtils.&lt;&gt;c__DisplayClass1_0" filename="C:\Projets\klee-contrib\topmodel\TopModel.Utils\ModelUtils.cs">
          <methods>
            <method line-rate="0" branch-rate="1" complexity="1" name="&lt;ApplyTransform&gt;b__0" signature="(System.Text.RegularExpressions.Match)">
              <lines>
                <line number="35" hits="0" branch="False" />
              </lines>
            </method>
          </methods>
          <lines>
            <line number="35" hits="0" branch="False" />
          </lines>
        </class>
        <class line-rate="0" branch-rate="1" complexity="1" name="TopModel.Utils.TopModelLock.&lt;&gt;c" filename="C:\Projets\klee-contrib\topmodel\TopModel.Utils\TopModelLock.cs">
          <methods>
            <method line-rate="0" branch-rate="1" complexity="1" name="&lt;UpdateFiles&gt;b__5_0" signature="(string)">
              <lines>
                <line number="83" hits="0" branch="False" />
              </lines>
            </method>
            <method line-rate="0" branch-rate="1" complexity="1" name="&lt;UpdateFiles&gt;b__5_2" signature="(string)">
              <lines>
                <line number="89" hits="0" branch="False" />
              </lines>
            </method>
          </methods>
          <lines>
            <line number="83" hits="0" branch="False" />
            <line number="89" hits="0" branch="False" />
          </lines>
        </class>
        <class line-rate="0" branch-rate="0" complexity="6" name="TopModel.Utils.TopModelLock.&lt;&gt;c__DisplayClass5_0" filename="C:\Projets\klee-contrib\topmodel\TopModel.Utils\TopModelLock.cs">
          <methods>
            <method line-rate="0" branch-rate="1" complexity="1" name="&lt;UpdateFiles&gt;b__1" signature="(string)">
              <lines>
                <line number="85" hits="0" branch="False" />
              </lines>
            </method>
            <method line-rate="0" branch-rate="0" complexity="4" name="&lt;UpdateFiles&gt;b__3" signature="(string)">
              <lines>
                <line number="91" hits="0" branch="True" condition-coverage="0% (0/4)">
                  <conditions>
                    <condition number="0" type="jump" coverage="0%" />
                    <condition number="1" type="jump" coverage="0%" />
                  </conditions>
                </line>
                <line number="93" hits="0" branch="False" />
              </lines>
            </method>
            <method line-rate="0" branch-rate="0" complexity="2" name="&lt;UpdateFiles&gt;b__6" signature="(string)">
              <lines>
                <line number="92" hits="0" branch="True" condition-coverage="0% (0/2)">
                  <conditions>
                    <condition number="0" type="jump" coverage="0%" />
                  </conditions>
                </line>
              </lines>
            </method>
            <method line-rate="0" branch-rate="1" complexity="1" name="&lt;UpdateFiles&gt;b__4" signature="(string)">
              <lines>
                <line number="95" hits="0" branch="False" />
              </lines>
            </method>
            <method line-rate="0" branch-rate="1" complexity="1" name="&lt;UpdateFiles&gt;b__5" signature="(string)">
              <lines>
                <line number="100" hits="0" branch="False" />
                <line number="101" hits="0" branch="False" />
                <line number="102" hits="0" branch="False" />
                <line number="103" hits="0" branch="False" />
              </lines>
            </method>
            <method line-rate="0" branch-rate="1" complexity="1" name="&lt;UpdateFiles&gt;b__7" signature="(TopModel.Utils.IgnoredFile)">
              <lines>
                <line number="113" hits="0" branch="False" />
              </lines>
            </method>
          </methods>
          <lines>
            <line number="85" hits="0" branch="False" />
            <line number="91" hits="0" branch="True" condition-coverage="0% (0/4)">
              <conditions>
                <condition number="0" type="jump" coverage="0%" />
                <condition number="1" type="jump" coverage="0%" />
              </conditions>
            </line>
            <line number="92" hits="0" branch="True" condition-coverage="0% (0/2)">
              <conditions>
                <condition number="0" type="jump" coverage="0%" />
              </conditions>
            </line>
            <line number="93" hits="0" branch="False" />
            <line number="95" hits="0" branch="False" />
            <line number="100" hits="0" branch="False" />
            <line number="101" hits="0" branch="False" />
            <line number="102" hits="0" branch="False" />
            <line number="103" hits="0" branch="False" />
            <line number="113" hits="0" branch="False" />
          </lines>
        </class>
      </classes>
    </package>
  </packages>
</coverage>